17:05:16.062663: read 262144 bytes from stdin
17:05:16.063277: wrote 261676 bytes to sockfd
17:05:16.063397: wrote 468 bytes to sockfd
17:05:16.063754: read 262144 bytes from stdin
17:05:16.063791: wrote 262144 bytes to sockfd
17:05:16.063975: read 262144 bytes from stdin
17:05:16.064033: read 262144 bytes from sockfd
17:05:16.064074: wrote 262144 bytes to stdout
17:05:16.064107: wrote 262144 bytes to sockfd
17:05:16.064369: read 262144 bytes from stdin
17:05:16.064397: read 262144 bytes from sockfd
17:05:16.064431: wrote 262144 bytes to stdout
17:05:16.064458: wrote 262144 bytes to sockfd
17:05:16.064544: read 262144 bytes from stdin
17:05:16.064569: read 262144 bytes from sockfd
17:05:16.064602: wrote 262144 bytes to stdout
17:05:16.064631: wrote 262144 bytes to sockfd
17:05:16.064905: read 262144 bytes from stdin
17:05:16.064932: read 262144 bytes from sockfd
17:05:16.064967: wrote 262144 bytes to stdout
17:05:16.064998: wrote 262144 bytes to sockfd
17:05:16.065030: read 262144 bytes from stdin
17:05:16.065060: read 262144 bytes from sockfd
17:05:16.065095: wrote 262144 bytes to stdout
17:05:16.065125: wrote 262144 bytes to sockfd
17:05:16.065283: read 262144 bytes from stdin
17:05:16.065313: read 262144 bytes from sockfd
17:05:16.065434: wrote 262144 bytes to stdout
17:05:16.065472: wrote 262144 bytes to sockfd
17:05:16.065642: read 262144 bytes from stdin
17:05:16.065668: read 262144 bytes from sockfd
17:05:16.066208: wrote 262144 bytes to stdout
17:05:16.066242: wrote 262144 bytes to sockfd
17:05:16.066602: read 262144 bytes from stdin
17:05:16.066630: read 262144 bytes from sockfd
17:05:16.066872: wrote 262144 bytes to stdout
17:05:16.066904: wrote 262144 bytes to sockfd
17:05:16.067923: read 262144 bytes from stdin
17:05:16.067957: read 262144 bytes from sockfd
17:05:16.068262: wrote 262144 bytes to stdout
17:05:16.068310: wrote 262144 bytes to sockfd
17:05:16.068720: read 262144 bytes from stdin
17:05:16.068752: read 262144 bytes from sockfd
17:05:16.068916: wrote 262144 bytes to stdout
17:05:16.068951: wrote 262144 bytes to sockfd
17:05:16.069145: read 262144 bytes from stdin
17:05:16.069173: read 262144 bytes from sockfd
17:05:16.069305: wrote 262144 bytes to stdout
17:05:16.069343: wrote 262144 bytes to sockfd
17:05:16.069378: read 262144 bytes from stdin
17:05:16.069402: read 262144 bytes from sockfd
17:05:16.069437: wrote 262144 bytes to stdout
17:05:16.069474: wrote 262144 bytes to sockfd
17:05:16.069778: read 262144 bytes from stdin
17:05:16.069820: wrote 262144 bytes to sockfd
17:05:16.069852: read 262144 bytes from stdin
17:05:16.069875: read 262144 bytes from sockfd
17:05:16.069910: wrote 262144 bytes to stdout
17:05:16.069941: wrote 262144 bytes to sockfd
17:05:16.069973: read 262144 bytes from stdin
17:05:16.069997: read 262144 bytes from sockfd
17:05:16.070038: wrote 262144 bytes to stdout
17:05:16.070142: wrote 262144 bytes to sockfd
17:05:16.070194: read 262144 bytes from stdin
17:05:16.070220: read 262144 bytes from sockfd
17:05:16.070252: wrote 262144 bytes to stdout
17:05:16.070286: wrote 262144 bytes to sockfd
17:05:16.070316: read 262144 bytes from stdin
17:05:16.070340: read 262144 bytes from sockfd
17:05:16.070370: wrote 262144 bytes to stdout
17:05:16.070410: wrote 262144 bytes to sockfd
17:05:16.070440: read 262144 bytes from stdin
17:05:16.070467: read 262144 bytes from sockfd
17:05:16.070501: wrote 262144 bytes to stdout
17:05:16.070537: wrote 262144 bytes to sockfd
17:05:16.070569: read 262144 bytes from stdin
17:05:16.070593: read 262144 bytes from sockfd
17:05:16.070629: wrote 262144 bytes to stdout
17:05:16.070668: wrote 262144 bytes to sockfd
17:05:16.070698: read 262144 bytes from stdin
17:05:16.070722: read 262144 bytes from sockfd
17:05:16.070755: wrote 262144 bytes to stdout
17:05:16.070785: wrote 262144 bytes to sockfd
17:05:16.070814: read 262144 bytes from stdin
17:05:16.070837: read 262144 bytes from sockfd
17:05:16.070867: wrote 262144 bytes to stdout
17:05:16.070911: wrote 262144 bytes to sockfd
17:05:16.070939: read 262144 bytes from stdin
17:05:16.070964: read 262144 bytes from sockfd
17:05:16.071000: wrote 262144 bytes to stdout
17:05:16.071037: wrote 262144 bytes to sockfd
17:05:16.071066: read 262144 bytes from stdin
17:05:16.071094: read 262144 bytes from sockfd
17:05:16.071128: wrote 262144 bytes to stdout
17:05:16.071173: wrote 262144 bytes to sockfd
17:05:16.071200: read 262144 bytes from stdin
17:05:16.071226: read 262144 bytes from sockfd
17:05:16.071258: wrote 262144 bytes to stdout
17:05:16.071317: wrote 262144 bytes to sockfd
17:05:16.071347: read 262144 bytes from stdin
17:05:16.071371: read 262144 bytes from sockfd
17:05:16.071401: wrote 262144 bytes to stdout
17:05:16.071446: wrote 262144 bytes to sockfd
17:05:16.071741: read 262144 bytes from stdin
17:05:16.071782: read 262144 bytes from sockfd
17:05:16.072167: wrote 262144 bytes to stdout
17:05:16.072208: wrote 262144 bytes to sockfd
17:05:16.072736: read 262144 bytes from stdin
17:05:16.072778: read 262144 bytes from sockfd
17:05:16.072867: wrote 262144 bytes to stdout
17:05:16.072922: wrote 262144 bytes to sockfd
17:05:16.073046: read 262144 bytes from stdin
17:05:16.073141: read 262144 bytes from sockfd
17:05:16.073359: wrote 262144 bytes to stdout
17:05:16.073405: wrote 262144 bytes to sockfd
17:05:16.073577: read 262144 bytes from stdin
17:05:16.073636: read 262144 bytes from sockfd
17:05:16.073689: wrote 262144 bytes to stdout
17:05:16.073810: wrote 262144 bytes to sockfd
17:05:16.073898: read 262144 bytes from stdin
17:05:16.073933: read 262144 bytes from sockfd
17:05:16.074022: wrote 262144 bytes to stdout
17:05:16.074066: wrote 262144 bytes to sockfd
17:05:16.074138: read 262144 bytes from stdin
17:05:16.074170: read 262144 bytes from sockfd
17:05:16.074276: wrote 262144 bytes to stdout
17:05:16.074314: wrote 262144 bytes to sockfd
17:05:16.074362: read 262144 bytes from stdin
17:05:16.074459: read 262144 bytes from sockfd
17:05:16.074655: wrote 262144 bytes to stdout
17:05:16.074701: wrote 262144 bytes to sockfd
17:05:16.074772: read 262144 bytes from stdin
17:05:16.074804: read 262144 bytes from sockfd
17:05:16.074907: wrote 262144 bytes to stdout
17:05:16.074945: wrote 262144 bytes to sockfd
17:05:16.075104: read 262144 bytes from stdin
17:05:16.075129: read 262144 bytes from sockfd
17:05:16.075686: wrote 262144 bytes to stdout
17:05:16.075750: wrote 262144 bytes to sockfd
17:05:16.075813: read 262144 bytes from stdin
17:05:16.075839: read 262144 bytes from sockfd
17:05:16.075958: wrote 262144 bytes to stdout
17:05:16.075994: wrote 262144 bytes to sockfd
17:05:16.076095: read 262144 bytes from stdin
17:05:16.076124: read 262144 bytes from sockfd
17:05:16.077966: wrote 262144 bytes to stdout
17:05:16.078026: wrote 262144 bytes to sockfd
17:05:16.078834: read 262144 bytes from stdin
17:05:16.078879: read 262144 bytes from sockfd
17:05:16.079630: wrote 262144 bytes to stdout
17:05:16.079670: wrote 262144 bytes to sockfd
17:05:16.080007: read 262144 bytes from stdin
17:05:16.080050: read 262144 bytes from sockfd
17:05:16.080186: wrote 262144 bytes to stdout
17:05:16.080222: wrote 262144 bytes to sockfd
17:05:16.080268: read 262144 bytes from stdin
17:05:16.080304: read 262144 bytes from sockfd
17:05:16.080361: wrote 262144 bytes to stdout
17:05:16.080398: wrote 262144 bytes to sockfd
17:05:16.080450: read 262144 bytes from stdin
17:05:16.080480: read 262144 bytes from sockfd
17:05:16.080520: wrote 262144 bytes to stdout
17:05:16.080556: wrote 262144 bytes to sockfd
17:05:16.080592: read 262144 bytes from stdin
17:05:16.080621: read 262144 bytes from sockfd
17:05:16.080658: wrote 262144 bytes to stdout
17:05:16.080706: wrote 262144 bytes to sockfd
17:05:16.080743: read 262144 bytes from stdin
17:05:16.080777: read 262144 bytes from sockfd
17:05:16.080890: wrote 262144 bytes to stdout
17:05:16.080934: wrote 262144 bytes to sockfd
17:05:16.081076: read 262144 bytes from stdin
17:05:16.081100: read 262144 bytes from sockfd
17:05:16.081139: wrote 262144 bytes to stdout
17:05:16.081171: wrote 262144 bytes to sockfd
17:05:16.081204: read 262144 bytes from stdin
17:05:16.081229: read 262144 bytes from sockfd
17:05:16.081260: wrote 262144 bytes to stdout
17:05:16.081299: wrote 262144 bytes to sockfd
17:05:16.081333: read 262144 bytes from stdin
17:05:16.081356: read 262144 bytes from sockfd
17:05:16.081386: wrote 262144 bytes to stdout
17:05:16.081419: wrote 262144 bytes to sockfd
17:05:16.081453: read 262144 bytes from stdin
17:05:16.081478: read 262144 bytes from sockfd
17:05:16.081560: wrote 262144 bytes to stdout
17:05:16.081603: wrote 262144 bytes to sockfd
17:05:16.081636: read 262144 bytes from stdin
17:05:16.081661: read 262144 bytes from sockfd
17:05:16.081698: wrote 262144 bytes to stdout
17:05:16.081741: wrote 262144 bytes to sockfd
17:05:16.082111: read 262144 bytes from stdin
17:05:16.082150: read 262144 bytes from sockfd
17:05:16.082182: wrote 262144 bytes to stdout
17:05:16.082210: wrote 262144 bytes to sockfd
17:05:16.082239: read 262144 bytes from stdin
17:05:16.082264: read 262144 bytes from sockfd
17:05:16.082304: wrote 262144 bytes to stdout
17:05:16.082351: wrote 262144 bytes to sockfd
17:05:16.082379: read 262144 bytes from stdin
17:05:16.082405: read 262144 bytes from sockfd
17:05:16.082493: wrote 262144 bytes to stdout
17:05:16.082523: wrote 262144 bytes to sockfd
17:05:16.082553: read 237332 bytes from stdin
17:05:16.082574: read 262144 bytes from sockfd
17:05:16.082614: wrote 262144 bytes to stdout
17:05:16.082640: wrote 237332 bytes to sockfd
17:05:16.082650: EOF on stdin
17:05:16.082770: read 262144 bytes from sockfd
17:05:16.082804: wrote 262144 bytes to stdout
17:05:16.082813: EOF on stdin
17:05:16.082832: read 262144 bytes from sockfd
17:05:16.082867: wrote 262144 bytes to stdout
17:05:16.082919: EOF on stdin
17:05:16.082946: read 237332 bytes from sockfd
17:05:16.083018: wrote 237332 bytes to stdout
17:05:16.083032: EOF on stdin
17:05:16.083038: EOF on sockfd
17:05:16.083043: server terminated
